added manifest
adding: battleship/(in = 0) (out= 0)(stored 0%)
adding: battleship/FontLoader.class(in = 859) (out= 492)(deflated 42%)
adding: battleship/LocalizationLoader.class(in = 1117) (out= 560)(deflated 49%)
adding: battleship/Main.class(in = 1195) (out= 653)(deflated 45%)
adding: battleship/controller/(in = 0) (out= 0)(stored 0%)
adding: battleship/controller/BattleshipController.class(in = 2030) (out= 645)(deflated 68%)
adding: battleship/controller/ChatController$1.class(in = 996) (out= 567)(deflated 43%)
adding: battleship/controller/ChatController.class(in = 2552) (out= 1128)(deflated 55%)
adding: battleship/controller/GameController$1.class(in = 2422) (out= 1188)(deflated 50%)
adding: battleship/controller/GameController$2$1.class(in = 1481) (out= 772)(deflated 47%)
adding: battleship/controller/GameController$2.class(in = 2231) (out= 1175)(deflated 47%)
adding: battleship/controller/GameController.class(in = 4118) (out= 1959)(deflated 52%)
adding: battleship/controller/MenuController.class(in = 5031) (out= 2329)(deflated 53%)
adding: battleship/controller/ServerController$MessageType.class(in = 1487) (out= 726)(deflated 51%)
adding: battleship/controller/ServerController.class(in = 9795) (out= 4656)(deflated 52%)
adding: battleship/controller/ShipController$1.class(in = 1198) (out= 657)(deflated 45%)
adding: battleship/controller/ShipController$2.class(in = 1066) (out= 571)(deflated 46%)
adding: battleship/controller/ShipController.class(in = 5573) (out= 2703)(deflated 51%)
adding: battleship/model/(in = 0) (out= 0)(stored 0%)
adding: battleship/model/BattleshipModel.class(in = 10480) (out= 5014)(deflated 52%)
adding: battleship/model/CoordinateModel.class(in = 543) (out= 334)(deflated 38%)
adding: battleship/model/ShipModel.class(in = 3019) (out= 1357)(deflated 55%)
adding: battleship/view/(in = 0) (out= 0)(stored 0%)
adding: battleship/view/BattleshipView$1.class(in = 2660) (out= 1255)(deflated 52%)
adding: battleship/view/BattleshipView$2.class(in = 790) (out= 480)(deflated 39%)
adding: battleship/view/BattleshipView$3.class(in = 2826) (out= 1356)(deflated 52%)
adding: battleship/view/BattleshipView$4.class(in = 794) (out= 491)(deflated 38%)
adding: battleship/view/BattleshipView.class(in = 26504) (out= 11774)(deflated 55%)
adding: battleship/view/SplashScreenView.class(in = 1671) (out= 1006)(deflated 39%)
adding: fonts/(in = 0) (out= 0)(stored 0%)
adding: fonts/AgencyFB-Bold.ttf(in = 48072) (out= 22430)(deflated 53%)
adding: fonts/AgencyFB-Plain.ttf(in = 58920) (out= 36821)(deflated 37%)
adding: images/(in = 0) (out= 0)(stored 0%)
adding: images/HShipBody.png(in = 188) (out= 159)(deflated 15%)
adding: images/HShipEnd.png(in = 584) (out= 589)(deflated 0%)
adding: images/HShipHead.png(in = 539) (out= 544)(deflated 0%)
adding: images/VShipBody.png(in = 195) (out= 145)(deflated 25%)
adding: images/VShipEnd.png(in = 823) (out= 828)(deflated 0%)
adding: images/VShipHead.png(in = 784) (out= 789)(deflated 0%)
adding: images/hit.png(in = 790) (out= 795)(deflated 0%)
adding: images/miss.png(in = 632) (out= 637)(deflated 0%)
adding: localization/(in = 0) (out= 0)(stored 0%)
adding: localization/messages_en.properties(in = 3387) (out= 1332)(deflated 60%)
adding: localization/messages_fr.properties(in = 3826) (out= 1540)(deflated 59%)
adding: resources/(in = 0) (out= 0)(stored 0%)
adding: resources/fonts/(in = 0) (out= 0)(stored 0%)
adding: resources/fonts/AgencyFB-Bold.ttf(in = 48072) (out= 22430)(deflated 53%)
adding: resources/fonts/AgencyFB-Plain.ttf(in = 58920) (out= 36821)(deflated 37%)
adding: resources/images/(in = 0) (out= 0)(stored 0%)
adding: resources/images/HShipBody.png(in = 188) (out= 159)(deflated 15%)
adding: resources/images/HShipEnd.png(in = 584) (out= 589)(deflated 0%)
adding: resources/images/HShipHead.png(in = 539) (out= 544)(deflated 0%)
adding: resources/images/VShipBody.png(in = 195) (out= 145)(deflated 25%)
adding: resources/images/VShipEnd.png(in = 823) (out= 828)(deflated 0%)
adding: resources/images/VShipHead.png(in = 784) (out= 789)(deflated 0%)
adding: resources/images/hit.png(in = 790) (out= 795)(deflated 0%)
adding: resources/images/miss.png(in = 632) (out= 637)(deflated 0%)
adding: resources/localization/(in = 0) (out= 0)(stored 0%)
adding: resources/localization/messages_en.properties(in = 3387) (out= 1332)(deflated 60%)
adding: resources/localization/messages_fr.properties(in = 3826) (out= 1540)(deflated 59%)
